<?xml version="1.0" encoding="UTF-8"?>
<testng-results skipped="0" failed="0" total="1" passed="1">
  <reporter-output>
    <line>
      <![CDATA[the row count is 4]]>
    </line>
    <line>
      <![CDATA[the error msg is====>Username or Password is invalid. Please try again.]]>
    </line>
    <line>
      <![CDATA[the error msg is====>Username or Password is invalid. Please try again.]]>
    </line>
    <line>
      <![CDATA[the error msg is====>Username or Password is invalid. Please try again.]]>
    </line>
    <line>
      <![CDATA[the error msg is====>Username or Password is invalid. Please try again.]]>
    </line>
  </reporter-output>
  <suite name="Suite" duration-ms="30285" started-at="2019-12-27T06:51:19Z" finished-at="2019-12-27T06:51:49Z">
    <groups>
    </groups>
    <test name="Test" duration-ms="30285" started-at="2019-12-27T06:51:19Z" finished-at="2019-12-27T06:51:49Z">
      <class name="com.actitime.scripts.Testinvalidlogin">
        <test-method status="PASS" signature="openBrowser(java.lang.String)[pri:0, instance:com.actitime.scripts.Testinvalidlogin@6d00a15d]" name="openBrowser" is-config="true" duration-ms="8734" started-at="2019-12-27T12:21:19Z" finished-at="2019-12-27T12:21:28Z">
          <params>
            <param index="0">
              <value>
                <![CDATA[chrome]]>
              </value>
            </param>
          </params>
          <reporter-output>
          </reporter-output>
        </test-method> <!-- openBrowser -->
        <test-method status="PASS" signature="openApplication()[pri:0, instance:com.actitime.scripts.Testinvalidlogin@6d00a15d]" name="openApplication" is-config="true" duration-ms="5201" started-at="2019-12-27T12:21:28Z" finished-at="2019-12-27T12:21:33Z">
          <reporter-output>
          </reporter-output>
        </test-method> <!-- openApplication -->
        <test-method status="PASS" signature="test1()[pri:0, instance:com.actitime.scripts.Testinvalidlogin@6d00a15d]" name="test1" duration-ms="16311" started-at="2019-12-27T12:21:33Z" finished-at="2019-12-27T12:21:49Z">
          <reporter-output>
            <line>
              <![CDATA[the row count is 4]]>
            </line>
            <line>
              <![CDATA[the error msg is====>Username or Password is invalid. Please try again.]]>
            </line>
            <line>
              <![CDATA[the error msg is====>Username or Password is invalid. Please try again.]]>
            </line>
            <line>
              <![CDATA[the error msg is====>Username or Password is invalid. Please try again.]]>
            </line>
            <line>
              <![CDATA[the error msg is====>Username or Password is invalid. Please try again.]]>
            </line>
          </reporter-output>
        </test-method> <!-- test1 -->
      </class> <!-- com.actitime.scripts.Testinvalidlogin -->
    </test> <!-- Test -->
  </suite> <!-- Suite -->
</testng-results>
